<?xml version="1.0" encoding="UTF-8"?>
<testng-results ignored="0" total="1" passed="1" failed="0" skipped="0">
  <reporter-output>
  </reporter-output>
  <suite started-at="2022-01-31T23:42:01 IST" name="Default suite" finished-at="2022-01-31T23:42:03 IST" duration-ms="2784">
    <groups>
    </groups>
    <test started-at="2022-01-31T23:42:01 IST" name="Default test" finished-at="2022-01-31T23:42:03 IST" duration-ms="2784">
      <class name="org.com.restapitest.restapitest_server.RestServerOrTestModified_PostCall">
        <test-method is-config="true" signature="setUp()[pri:0, instance:org.com.restapitest.restapitest_server.RestServerOrTestModified_PostCall@3972a855]" started-at="2022-01-31T23:42:01 IST" name="setUp" finished-at="2022-01-31T23:42:01 IST" duration-ms="8" status="PASS">
          <reporter-output>
          </reporter-output>
        </test-method> <!-- setUp -->
        <test-method signature="getPostWithHeaders()[pri:0, instance:org.com.restapitest.restapitest_server.RestServerOrTestModified_PostCall@3972a855]" started-at="2022-01-31T23:42:01 IST" name="getPostWithHeaders" finished-at="2022-01-31T23:42:03 IST" duration-ms="2671" status="PASS">
          <reporter-output>
          </reporter-output>
        </test-method> <!-- getPostWithHeaders -->
      </class> <!-- org.com.restapitest.restapitest_server.RestServerOrTestModified_PostCall -->
    </test> <!-- Default test -->
  </suite> <!-- Default suite -->
</testng-results>
